src/config/validation.py:25: error: Name "BaseModel" is not defined  [name-defined]
src/config/validation.py:35: error: Name "BaseModel" is not defined  [name-defined]
src/environment/grid/grid_data.py:211: note: By default the bodies of untyped functions are not checked, consider using --check-untyped-defs  [annotation-unchecked]
src/environment/grid/grid_data.py:216: note: By default the bodies of untyped functions are not checked, consider using --check-untyped-defs  [annotation-unchecked]
src/environment/grid/grid_data.py:287: error: Name "new_tri" already defined on line 279  [no-redef]
src/environment/core/action_codec.py:23: error: Unsupported operand types for < ("int" and "Callable[[], int]")  [operator]
src/environment/core/game_state.py:30: error: Missing named argument "ROWS" for "EnvConfig"  [call-arg]
src/environment/core/game_state.py:30: error: Missing named argument "NUM_SHAPE_SLOTS" for "EnvConfig"  [call-arg]
src/environment/core/game_state.py:30: error: Missing named argument "MIN_LINE_LENGTH" for "EnvConfig"  [call-arg]
tests/environment/test_shape_logic.py:45: note: By default the bodies of untyped functions are not checked, consider using --check-untyped-defs  [annotation-unchecked]
tests/environment/conftest.py:13: error: Missing named argument "ROWS" for "EnvConfig"  [call-arg]
tests/environment/conftest.py:13: error: Missing named argument "NUM_SHAPE_SLOTS" for "EnvConfig"  [call-arg]
tests/environment/conftest.py:13: error: Missing named argument "MIN_LINE_LENGTH" for "EnvConfig"  [call-arg]
src/features/extractor.py:59: error: Incompatible types in assignment (expression has type "ndarray[tuple[int, ...], dtype[floating[_32Bit]]]", variable has type "ndarray[tuple[int, int, int], dtype[floating[_32Bit]]]")  [assignment]
src/features/extractor.py:147: error: Returning Any from function declared to return "ndarray[Any, Any]"  [no-any-return]
tests/mcts/fixtures.py:34: error: Missing named argument "MIN_LINE_LENGTH" for "EnvConfig"  [call-arg]
tests/mcts/fixtures.py:39: error: No overload variant of "range" matches argument type "Callable[[], int]"  [call-overload]
tests/mcts/fixtures.py:39: note: Possible overload variants:
tests/mcts/fixtures.py:39: note:     def range(SupportsIndex, /) -> range
tests/mcts/fixtures.py:39: note:     def range(SupportsIndex, SupportsIndex, SupportsIndex = ..., /) -> range
tests/mcts/fixtures.py:143: error: Missing named argument "MIN_LINE_LENGTH" for "EnvConfig"  [call-arg]
tests/mcts/fixtures.py:164: error: Argument "action_dim" to "MockNetworkEvaluator" has incompatible type "Callable[[], int]"; expected "int"  [arg-type]
tests/mcts/fixtures.py:171: error: No overload variant of "range" matches argument type "Callable[[], int]"  [call-overload]
tests/mcts/fixtures.py:171: note: Possible overload variants:
tests/mcts/fixtures.py:171: note:     def range(SupportsIndex, /) -> range
tests/mcts/fixtures.py:171: note:     def range(SupportsIndex, SupportsIndex, SupportsIndex = ..., /) -> range
tests/mcts/conftest.py:43: error: Missing named argument "MIN_LINE_LENGTH" for "EnvConfig"  [call-arg]
tests/mcts/conftest.py:48: error: No overload variant of "range" matches argument type "Callable[[], int]"  [call-overload]
tests/mcts/conftest.py:48: note: Possible overload variants:
tests/mcts/conftest.py:48: note:     def range(SupportsIndex, /) -> range
tests/mcts/conftest.py:48: note:     def range(SupportsIndex, SupportsIndex, SupportsIndex = ..., /) -> range
tests/mcts/conftest.py:151: error: Incompatible types in assignment (expression has type "Callable[[], int]", variable has type "int")  [assignment]
tests/mcts/conftest.py:174: error: Argument "action_dim" to "MockNetworkEvaluator" has incompatible type "Callable[[], int]"; expected "int"  [arg-type]
tests/mcts/conftest.py:181: error: No overload variant of "range" matches argument type "Callable[[], int]"  [call-overload]
tests/mcts/conftest.py:181: note: Possible overload variants:
tests/mcts/conftest.py:181: note:     def range(SupportsIndex, /) -> range
tests/mcts/conftest.py:181: note:     def range(SupportsIndex, SupportsIndex, SupportsIndex = ..., /) -> range
tests/mcts/conftest.py:196: error: Incompatible types in assignment (expression has type "Callable[[], int]", variable has type "int")  [assignment]
tests/mcts/conftest.py:237: error: Incompatible types in assignment (expression has type "Callable[[], int]", variable has type "int")  [assignment]
src/mcts/strategy/policy.py:129: error: No overload variant of "range" matches argument type "Callable[[], int]"  [call-overload]
src/mcts/strategy/policy.py:129: note: Possible overload variants:
src/mcts/strategy/policy.py:129: note:     def range(SupportsIndex, /) -> range
src/mcts/strategy/policy.py:129: note:     def range(SupportsIndex, SupportsIndex, SupportsIndex = ..., /) -> range
src/mcts/strategy/policy.py:161: error: Unsupported operand types for < ("int" and "Callable[[], int]")  [operator]
src/mcts/strategy/policy.py:194: error: Unsupported operand types for < ("int" and "Callable[[], int]")  [operator]
src/nn/model.py:32: error: Argument 1 to "append" of "list" has incompatible type "BatchNorm2d"; expected "Conv2d"  [arg-type]
src/nn/model.py:33: error: Argument 1 to "append" of "list" has incompatible type Module; expected "Conv2d"  [arg-type]
src/nn/model.py:56: error: Returning Any from function declared to return "Tensor"  [no-any-return]
src/nn/model.py:79: error: Value of type "Tensor | Module" is not indexable  [index]
src/nn/model.py:135: error: Argument 1 to "append" of "list" has incompatible type "ResidualBlock"; expected "Sequential"  [arg-type]
src/nn/model.py:213: error: Argument 1 to "append" of "list" has incompatible type "BatchNorm1d"; expected "Linear"  [arg-type]
src/nn/model.py:214: error: Argument 1 to "append" of "list" has incompatible type Module; expected "Linear"  [arg-type]
src/nn/model.py:225: error: Argument 1 to "append" of "list" has incompatible type "BatchNorm1d"; expected "Linear"  [arg-type]
src/nn/model.py:226: error: Argument 1 to "append" of "list" has incompatible type Module; expected "Linear"  [arg-type]
src/nn/model.py:229: error: Argument 2 to "Linear" has incompatible type "Callable[[], int]"; expected "int"  [arg-type]
src/nn/model.py:239: error: Argument 1 to "append" of "list" has incompatible type "BatchNorm1d"; expected "Linear"  [arg-type]
src/nn/model.py:240: error: Argument 1 to "append" of "list" has incompatible type Module; expected "Linear"  [arg-type]
src/nn/model.py:246: error: Argument 1 to "append" of "list" has incompatible type "Tanh"; expected "Linear"  [arg-type]
tests/nn/test_network.py:118: error: "object" has no attribute "copy"  [attr-defined]
tests/nn/test_network.py:174: error: "object" has no attribute "copy"  [attr-defined]
tests/nn/test_model.py:103: error: List item 0 has incompatible type "Callable[[], int]"; expected "int"  [list-item]
src/rl/core/visual_state_actor.py:16: note: By default the bodies of untyped functions are not checked, consider using --check-untyped-defs  [annotation-unchecked]
src/rl/core/visual_state_actor.py:17: note: By default the bodies of untyped functions are not checked, consider using --check-untyped-defs  [annotation-unchecked]
src/rl/core/visual_state_actor.py:18: note: By default the bodies of untyped functions are not checked, consider using --check-untyped-defs  [annotation-unchecked]
src/rl/core/visual_state_actor.py:40: error: Incompatible types in assignment (expression has type "dict[str, Any]", target has type "GameState")  [assignment]
src/rl/core/trainer.py:73: error: Incompatible return value type (got "StepLR", expected "_LRScheduler | None")  [return-value]
src/rl/core/trainer.py:85: error: Incompatible return value type (got "CosineAnnealingLR", expected "_LRScheduler | None")  [return-value]
src/rl/core/trainer.py:103: error: Argument 1 to "zeros" has incompatible type "tuple[int, Callable[[], int]]"; expected "Sequence[int | SymInt]"  [arg-type]
src/rl/core/trainer.py:113: error: Unsupported operand types for < ("int" and "Callable[[], int]")  [operator]
src/rl/core/trainer.py:187: error: Incompatible types in assignment (expression has type "Tensor", variable has type "float")  [assignment]
src/visualization/core/dashboard_renderer.py:176: error: Item "None" of "Font | None" has no attribute "get_height"  [union-attr]
src/visualization/core/dashboard_renderer.py:182: error: Item "None" of "Font | None" has no attribute "size"  [union-attr]
src/visualization/core/dashboard_renderer.py:187: error: Item "None" of "Font | None" has no attribute "render"  [union-attr]
src/rl/self_play/worker.py:114: error: "Callable[[int, GameState], Any]" has no attribute "remote"  [attr-defined]
src/rl/self_play/worker.py:144: error: "Callable[[dict[str, tuple[float, int]]], Any]" has no attribute "remote"  [attr-defined]
src/rl/self_play/worker.py:325: error: Argument "avg_root_visits" to "SelfPlayResult" has incompatible type "floating[Any] | float"; expected "float"  [arg-type]
src/rl/self_play/worker.py:326: error: Argument "avg_tree_depth" to "SelfPlayResult" has incompatible type "floating[Any] | float"; expected "float"  [arg-type]
src/data/data_manager.py:377: error: "Callable[[], dict[str, Any]]" has no attribute "remote"  [attr-defined]
tests/conftest.py:25: error: Missing named argument "MIN_LINE_LENGTH" for "EnvConfig"  [call-arg]
tests/conftest.py:32: error: Missing named argument "RESIDUAL_BLOCK_FILTERS" for "ModelConfig"  [call-arg]
tests/conftest.py:32: error: Missing named argument "TRANSFORMER_DIM" for "ModelConfig"  [call-arg]
tests/conftest.py:32: error: Missing named argument "TRANSFORMER_HEADS" for "ModelConfig"  [call-arg]
tests/conftest.py:32: error: Missing named argument "TRANSFORMER_LAYERS" for "ModelConfig"  [call-arg]
tests/conftest.py:32: error: Missing named argument "TRANSFORMER_FC_DIM" for "ModelConfig"  [call-arg]
tests/conftest.py:32: error: Missing named argument "ACTIVATION_FUNCTION" for "ModelConfig"  [call-arg]
tests/conftest.py:32: error: Missing named argument "USE_BATCH_NORM" for "ModelConfig"  [call-arg]
tests/conftest.py:41: error: List item 0 has incompatible type "Callable[[], int]"; expected "int"  [list-item]
tests/conftest.py:50: error: Missing named argument "LOAD_CHECKPOINT_PATH" for "TrainConfig"  [call-arg]
tests/conftest.py:50: error: Missing named argument "LOAD_BUFFER_PATH" for "TrainConfig"  [call-arg]
tests/conftest.py:50: error: Missing named argument "AUTO_RESUME_LATEST" for "TrainConfig"  [call-arg]
tests/conftest.py:50: error: Missing named argument "DEVICE" for "TrainConfig"  [call-arg]
tests/conftest.py:50: error: Missing named argument "RANDOM_SEED" for "TrainConfig"  [call-arg]
tests/conftest.py:50: error: Missing named argument "NUM_SELF_PLAY_WORKERS" for "TrainConfig"  [call-arg]
tests/conftest.py:50: error: Missing named argument "WORKER_DEVICE" for "TrainConfig"  [call-arg]
tests/conftest.py:50: error: Missing named argument "WORKER_UPDATE_FREQ_STEPS" for "TrainConfig"  [call-arg]
tests/conftest.py:50: error: Missing named argument "OPTIMIZER_TYPE" for "TrainConfig"  [call-arg]
tests/conftest.py:50: error: Missing named argument "LEARNING_RATE" for "TrainConfig"  [call-arg]
tests/conftest.py:50: error: Missing named argument "WEIGHT_DECAY" for "TrainConfig"  [call-arg]
tests/conftest.py:50: error: Missing named argument "LR_SCHEDULER_ETA_MIN" for "TrainConfig"  [call-arg]
tests/conftest.py:50: error: Missing named argument "POLICY_LOSS_WEIGHT" for "TrainConfig"  [call-arg]
tests/conftest.py:50: error: Missing named argument "VALUE_LOSS_WEIGHT" for "TrainConfig"  [call-arg]
tests/conftest.py:50: error: Missing named argument "ENTROPY_BONUS_WEIGHT" for "TrainConfig"  [call-arg]
tests/conftest.py:50: error: Missing named argument "CHECKPOINT_SAVE_FREQ_STEPS" for "TrainConfig"  [call-arg]
tests/conftest.py:50: error: Missing named argument "PER_ALPHA" for "TrainConfig"  [call-arg]
tests/conftest.py:50: error: Missing named argument "PER_BETA_INITIAL" for "TrainConfig"  [call-arg]
tests/conftest.py:50: error: Missing named argument "PER_BETA_FINAL" for "TrainConfig"  [call-arg]
tests/conftest.py:50: error: Missing named argument "PER_BETA_ANNEAL_STEPS" for "TrainConfig"  [call-arg]
tests/conftest.py:50: error: Missing named argument "PER_EPSILON" for "TrainConfig"  [call-arg]
tests/conftest.py:99: error: Unsupported operand types for / ("float" and "Callable[[], int]")  [operator]
tests/conftest.py:99: error: No overload variant of "range" matches argument type "Callable[[], int]"  [call-overload]
tests/conftest.py:99: note: Possible overload variants:
tests/conftest.py:99: note:     def range(SupportsIndex, /) -> range
tests/conftest.py:99: note:     def range(SupportsIndex, SupportsIndex, SupportsIndex = ..., /) -> range
tests/conftest.py:100: error: Unsupported operand types for < ("int" and "Callable[[], int]")  [operator]
tests/conftest.py:152: error: "object" has no attribute "copy"  [attr-defined]
tests/conftest.py:160: error: Argument 1 to "add" of "ExperienceBuffer" has incompatible type "tuple[dict[str, Any], Mapping[int, float], float]"; expected "tuple[StateType, Mapping[int, float], float]"  [arg-type]
tests/rl/test_trainer.py:91: error: "object" has no attribute "copy"  [attr-defined]
tests/rl/test_trainer.py:93: error: Argument 1 to "add" of "ExperienceBuffer" has incompatible type "tuple[dict[str, Any], Mapping[int, float], float]"; expected "tuple[StateType, Mapping[int, float], float]"  [arg-type]
tests/rl/test_trainer.py:105: error: "object" has no attribute "copy"  [attr-defined]
tests/rl/test_trainer.py:107: error: Argument 1 to "add" of "ExperienceBuffer" has incompatible type "tuple[dict[str, Any], Mapping[int, float], float]"; expected "tuple[StateType, Mapping[int, float], float]"  [arg-type]
tests/rl/test_buffer.py:20: error: Missing named argument "LOAD_CHECKPOINT_PATH" for "TrainConfig"  [call-arg]
tests/rl/test_buffer.py:20: error: Missing named argument "LOAD_BUFFER_PATH" for "TrainConfig"  [call-arg]
tests/rl/test_buffer.py:20: error: Missing named argument "AUTO_RESUME_LATEST" for "TrainConfig"  [call-arg]
tests/rl/test_buffer.py:20: error: Missing named argument "DEVICE" for "TrainConfig"  [call-arg]
tests/rl/test_buffer.py:20: error: Missing named argument "RANDOM_SEED" for "TrainConfig"  [call-arg]
tests/rl/test_buffer.py:20: error: Missing named argument "NUM_SELF_PLAY_WORKERS" for "TrainConfig"  [call-arg]
tests/rl/test_buffer.py:20: error: Missing named argument "WORKER_DEVICE" for "TrainConfig"  [call-arg]
tests/rl/test_buffer.py:20: error: Missing named argument "WORKER_UPDATE_FREQ_STEPS" for "TrainConfig"  [call-arg]
tests/rl/test_buffer.py:20: error: Missing named argument "OPTIMIZER_TYPE" for "TrainConfig"  [call-arg]
tests/rl/test_buffer.py:20: error: Missing named argument "LEARNING_RATE" for "TrainConfig"  [call-arg]
tests/rl/test_buffer.py:20: error: Missing named argument "WEIGHT_DECAY" for "TrainConfig"  [call-arg]
tests/rl/test_buffer.py:20: error: Missing named argument "LR_SCHEDULER_ETA_MIN" for "TrainConfig"  [call-arg]
tests/rl/test_buffer.py:20: error: Missing named argument "POLICY_LOSS_WEIGHT" for "TrainConfig"  [call-arg]
tests/rl/test_buffer.py:20: error: Missing named argument "VALUE_LOSS_WEIGHT" for "TrainConfig"  [call-arg]
tests/rl/test_buffer.py:20: error: Missing named argument "ENTROPY_BONUS_WEIGHT" for "TrainConfig"  [call-arg]
tests/rl/test_buffer.py:20: error: Missing named argument "CHECKPOINT_SAVE_FREQ_STEPS" for "TrainConfig"  [call-arg]
tests/rl/test_buffer.py:20: error: Missing named argument "PER_ALPHA" for "TrainConfig"  [call-arg]
tests/rl/test_buffer.py:20: error: Missing named argument "PER_BETA_INITIAL" for "TrainConfig"  [call-arg]
tests/rl/test_buffer.py:20: error: Missing named argument "PER_BETA_FINAL" for "TrainConfig"  [call-arg]
tests/rl/test_buffer.py:20: error: Missing named argument "PER_BETA_ANNEAL_STEPS" for "TrainConfig"  [call-arg]
tests/rl/test_buffer.py:20: error: Missing named argument "PER_EPSILON" for "TrainConfig"  [call-arg]
tests/rl/test_buffer.py:28: error: Missing named argument "LOAD_CHECKPOINT_PATH" for "TrainConfig"  [call-arg]
tests/rl/test_buffer.py:28: error: Missing named argument "LOAD_BUFFER_PATH" for "TrainConfig"  [call-arg]
tests/rl/test_buffer.py:28: error: Missing named argument "AUTO_RESUME_LATEST" for "TrainConfig"  [call-arg]
tests/rl/test_buffer.py:28: error: Missing named argument "DEVICE" for "TrainConfig"  [call-arg]
tests/rl/test_buffer.py:28: error: Missing named argument "RANDOM_SEED" for "TrainConfig"  [call-arg]
tests/rl/test_buffer.py:28: error: Missing named argument "NUM_SELF_PLAY_WORKERS" for "TrainConfig"  [call-arg]
tests/rl/test_buffer.py:28: error: Missing named argument "WORKER_DEVICE" for "TrainConfig"  [call-arg]
tests/rl/test_buffer.py:28: error: Missing named argument "WORKER_UPDATE_FREQ_STEPS" for "TrainConfig"  [call-arg]
tests/rl/test_buffer.py:28: error: Missing named argument "OPTIMIZER_TYPE" for "TrainConfig"  [call-arg]
tests/rl/test_buffer.py:28: error: Missing named argument "LEARNING_RATE" for "TrainConfig"  [call-arg]
tests/rl/test_buffer.py:28: error: Missing named argument "WEIGHT_DECAY" for "TrainConfig"  [call-arg]
tests/rl/test_buffer.py:28: error: Missing named argument "LR_SCHEDULER_ETA_MIN" for "TrainConfig"  [call-arg]
tests/rl/test_buffer.py:28: error: Missing named argument "POLICY_LOSS_WEIGHT" for "TrainConfig"  [call-arg]
tests/rl/test_buffer.py:28: error: Missing named argument "VALUE_LOSS_WEIGHT" for "TrainConfig"  [call-arg]
tests/rl/test_buffer.py:28: error: Missing named argument "ENTROPY_BONUS_WEIGHT" for "TrainConfig"  [call-arg]
tests/rl/test_buffer.py:28: error: Missing named argument "CHECKPOINT_SAVE_FREQ_STEPS" for "TrainConfig"  [call-arg]
tests/rl/test_buffer.py:95: error: "object" has no attribute "copy"  [attr-defined]
tests/rl/test_buffer.py:97: error: Argument 1 to "add" of "ExperienceBuffer" has incompatible type "tuple[dict[str, Any], Mapping[int, float], float]"; expected "tuple[StateType, Mapping[int, float], float]"  [arg-type]
tests/rl/test_buffer.py:123: error: "object" has no attribute "copy"  [attr-defined]
tests/rl/test_buffer.py:125: error: Argument 1 to "add" of "ExperienceBuffer" has incompatible type "tuple[dict[str, Any], Mapping[int, float], float]"; expected "tuple[StateType, Mapping[int, float], float]"  [arg-type]
tests/rl/test_buffer.py:193: error: "object" has no attribute "copy"  [attr-defined]
tests/rl/test_buffer.py:195: error: Argument 1 to "add" of "ExperienceBuffer" has incompatible type "tuple[dict[str, Any], Mapping[int, float], float]"; expected "tuple[StateType, Mapping[int, float], float]"  [arg-type]
tests/rl/test_buffer.py:212: error: "object" has no attribute "copy"  [attr-defined]
tests/rl/test_buffer.py:214: error: Argument 1 to "add" of "ExperienceBuffer" has incompatible type "tuple[dict[str, Any], Mapping[int, float], float]"; expected "tuple[StateType, Mapping[int, float], float]"  [arg-type]
tests/rl/test_buffer.py:250: error: "object" has no attribute "copy"  [attr-defined]
tests/rl/test_buffer.py:252: error: Argument 1 to "add" of "ExperienceBuffer" has incompatible type "tuple[dict[str, Any], Mapping[int, float], float]"; expected "tuple[StateType, Mapping[int, float], float]"  [arg-type]
tests/rl/test_buffer.py:292: error: Unsupported operand types for // ("None" and "int")  [operator]
tests/rl/test_buffer.py:292: note: Left operand is of type "int | None"
tests/rl/test_buffer.py:298: error: Argument 1 to "_calculate_beta" of "ExperienceBuffer" has incompatible type "int | None"; expected "int"  [arg-type]
tests/rl/test_buffer.py:302: error: Unsupported operand types for * ("None" and "int")  [operator]
tests/rl/test_buffer.py:302: note: Left operand is of type "int | None"
src/app.py:20: error: Missing named argument "FPS" for "VisConfig"  [call-arg]
src/app.py:20: error: Missing named argument "SCREEN_WIDTH" for "VisConfig"  [call-arg]
src/app.py:20: error: Missing named argument "SCREEN_HEIGHT" for "VisConfig"  [call-arg]
src/app.py:20: error: Missing named argument "GRID_AREA_RATIO" for "VisConfig"  [call-arg]
src/app.py:20: error: Missing named argument "PREVIEW_AREA_WIDTH" for "VisConfig"  [call-arg]
src/app.py:20: error: Missing named argument "PADDING" for "VisConfig"  [call-arg]
src/app.py:20: error: Missing named argument "HUD_HEIGHT" for "VisConfig"  [call-arg]
src/app.py:20: error: Missing named argument "FONT_UI_SIZE" for "VisConfig"  [call-arg]
src/app.py:20: error: Missing named argument "FONT_SCORE_SIZE" for "VisConfig"  [call-arg]
src/app.py:20: error: Missing named argument "FONT_HELP_SIZE" for "VisConfig"  [call-arg]
src/app.py:20: error: Missing named argument "PREVIEW_PADDING" for "VisConfig"  [call-arg]
src/app.py:20: error: Missing named argument "PREVIEW_BORDER_WIDTH" for "VisConfig"  [call-arg]
src/app.py:20: error: Missing named argument "PREVIEW_SELECTED_BORDER_WIDTH" for "VisConfig"  [call-arg]
src/app.py:20: error: Missing named argument "PREVIEW_INNER_PADDING" for "VisConfig"  [call-arg]
src/app.py:21: error: Missing named argument "ROWS" for "EnvConfig"  [call-arg]
src/app.py:21: error: Missing named argument "NUM_SHAPE_SLOTS" for "EnvConfig"  [call-arg]
src/app.py:21: error: Missing named argument "MIN_LINE_LENGTH" for "EnvConfig"  [call-arg]
src/training/loop.py:250: note: By default the bodies of untyped functions are not checked, consider using --check-untyped-defs  [annotation-unchecked]
src/training/loop.py:269: note: By default the bodies of untyped functions are not checked, consider using --check-untyped-defs  [annotation-unchecked]
src/training/loop.py:299: note: By default the bodies of untyped functions are not checked, consider using --check-untyped-defs  [annotation-unchecked]
src/training/loop.py:461: error: "Callable[[dict[str, tuple[float, int]]], Any]" has no attribute "remote"  [attr-defined]
src/training/loop.py:524: error: "Callable[[dict[str, tuple[float, int]]], Any]" has no attribute "remote"  [attr-defined]
src/training/runners.py:48: error: Missing named argument "ROWS" for "EnvConfig"  [call-arg]
src/training/runners.py:48: error: Missing named argument "NUM_SHAPE_SLOTS" for "EnvConfig"  [call-arg]
src/training/runners.py:48: error: Missing named argument "MIN_LINE_LENGTH" for "EnvConfig"  [call-arg]
src/training/runners.py:49: error: Missing named argument "GRID_INPUT_CHANNELS" for "ModelConfig"  [call-arg]
src/training/runners.py:49: error: Missing named argument "NUM_RESIDUAL_BLOCKS" for "ModelConfig"  [call-arg]
src/training/runners.py:49: error: Missing named argument "RESIDUAL_BLOCK_FILTERS" for "ModelConfig"  [call-arg]
src/training/runners.py:49: error: Missing named argument "USE_TRANSFORMER" for "ModelConfig"  [call-arg]
src/training/runners.py:49: error: Missing named argument "TRANSFORMER_DIM" for "ModelConfig"  [call-arg]
src/training/runners.py:49: error: Missing named argument "TRANSFORMER_HEADS" for "ModelConfig"  [call-arg]
src/training/runners.py:49: error: Missing named argument "TRANSFORMER_LAYERS" for "ModelConfig"  [call-arg]
src/training/runners.py:49: error: Missing named argument "TRANSFORMER_FC_DIM" for "ModelConfig"  [call-arg]
src/training/runners.py:49: error: Missing named argument "ACTIVATION_FUNCTION" for "ModelConfig"  [call-arg]
src/training/runners.py:49: error: Missing named argument "USE_BATCH_NORM" for "ModelConfig"  [call-arg]
src/training/runners.py:49: error: Missing named argument "OTHER_NN_INPUT_FEATURES_DIM" for "ModelConfig"  [call-arg]
src/training/runners.py:50: error: Missing named argument "num_simulations" for "MCTSConfig"  [call-arg]
src/training/runners.py:50: error: Missing named argument "puct_coefficient" for "MCTSConfig"  [call-arg]
src/training/runners.py:50: error: Missing named argument "temperature_initial" for "MCTSConfig"  [call-arg]
src/training/runners.py:50: error: Missing named argument "temperature_final" for "MCTSConfig"  [call-arg]
src/training/runners.py:50: error: Missing named argument "temperature_anneal_steps" for "MCTSConfig"  [call-arg]
src/training/runners.py:50: error: Missing named argument "dirichlet_alpha" for "MCTSConfig"  [call-arg]
src/training/runners.py:50: error: Missing named argument "dirichlet_epsilon" for "MCTSConfig"  [call-arg]
src/training/runners.py:50: error: Missing named argument "max_search_depth" for "MCTSConfig"  [call-arg]
src/training/runners.py:63: error: "type[StatsCollectorActor]" has no attribute "remote"  [attr-defined]
src/training/runners.py:269: error: Missing named argument "FPS" for "VisConfig"  [call-arg]
src/training/runners.py:269: error: Missing named argument "SCREEN_WIDTH" for "VisConfig"  [call-arg]
src/training/runners.py:269: error: Missing named argument "SCREEN_HEIGHT" for "VisConfig"  [call-arg]
src/training/runners.py:269: error: Missing named argument "GRID_AREA_RATIO" for "VisConfig"  [call-arg]
src/training/runners.py:269: error: Missing named argument "PREVIEW_AREA_WIDTH" for "VisConfig"  [call-arg]
src/training/runners.py:269: error: Missing named argument "PADDING" for "VisConfig"  [call-arg]
src/training/runners.py:269: error: Missing named argument "HUD_HEIGHT" for "VisConfig"  [call-arg]
src/training/runners.py:269: error: Missing named argument "FONT_UI_SIZE" for "VisConfig"  [call-arg]
src/training/runners.py:269: error: Missing named argument "FONT_SCORE_SIZE" for "VisConfig"  [call-arg]
src/training/runners.py:269: error: Missing named argument "FONT_HELP_SIZE" for "VisConfig"  [call-arg]
src/training/runners.py:269: error: Missing named argument "PREVIEW_PADDING" for "VisConfig"  [call-arg]
src/training/runners.py:269: error: Missing named argument "PREVIEW_BORDER_WIDTH" for "VisConfig"  [call-arg]
src/training/runners.py:269: error: Missing named argument "PREVIEW_SELECTED_BORDER_WIDTH" for "VisConfig"  [call-arg]
src/training/runners.py:269: error: Missing named argument "PREVIEW_INNER_PADDING" for "VisConfig"  [call-arg]
src/training/runners.py:327: error: Argument 1 to "update" of "MutableMapping" has incompatible type "dict[int, Any]"; expected "SupportsKeysAndGetItem[str, Any]"  [arg-type]
src/training/runners.py:358: error: Item "None" of "Font | None" has no attribute "render"  [union-attr]
src/cli.py:93: error: Missing named argument "num_simulations" for "MCTSConfig"  [call-arg]
src/cli.py:93: error: Missing named argument "puct_coefficient" for "MCTSConfig"  [call-arg]
src/cli.py:93: error: Missing named argument "temperature_initial" for "MCTSConfig"  [call-arg]
src/cli.py:93: error: Missing named argument "temperature_final" for "MCTSConfig"  [call-arg]
src/cli.py:93: error: Missing named argument "temperature_anneal_steps" for "MCTSConfig"  [call-arg]
src/cli.py:93: error: Missing named argument "dirichlet_alpha" for "MCTSConfig"  [call-arg]
src/cli.py:93: error: Missing named argument "dirichlet_epsilon" for "MCTSConfig"  [call-arg]
src/cli.py:93: error: Missing named argument "max_search_depth" for "MCTSConfig"  [call-arg]
src/cli.py:156: error: Missing named argument "LOAD_CHECKPOINT_PATH" for "TrainConfig"  [call-arg]
src/cli.py:156: error: Missing named argument "LOAD_BUFFER_PATH" for "TrainConfig"  [call-arg]
src/cli.py:156: error: Missing named argument "AUTO_RESUME_LATEST" for "TrainConfig"  [call-arg]
src/cli.py:156: error: Missing named argument "DEVICE" for "TrainConfig"  [call-arg]
src/cli.py:156: error: Missing named argument "RANDOM_SEED" for "TrainConfig"  [call-arg]
src/cli.py:156: error: Missing named argument "NUM_SELF_PLAY_WORKERS" for "TrainConfig"  [call-arg]
src/cli.py:156: error: Missing named argument "WORKER_DEVICE" for "TrainConfig"  [call-arg]
src/cli.py:156: error: Missing named argument "BATCH_SIZE" for "TrainConfig"  [call-arg]
src/cli.py:156: error: Missing named argument "BUFFER_CAPACITY" for "TrainConfig"  [call-arg]
src/cli.py:156: error: Missing named argument "MIN_BUFFER_SIZE_TO_TRAIN" for "TrainConfig"  [call-arg]
src/cli.py:156: error: Missing named argument "WORKER_UPDATE_FREQ_STEPS" for "TrainConfig"  [call-arg]
src/cli.py:156: error: Missing named argument "OPTIMIZER_TYPE" for "TrainConfig"  [call-arg]
src/cli.py:156: error: Missing named argument "LEARNING_RATE" for "TrainConfig"  [call-arg]
src/cli.py:156: error: Missing named argument "WEIGHT_DECAY" for "TrainConfig"  [call-arg]
src/cli.py:156: error: Missing named argument "LR_SCHEDULER_ETA_MIN" for "TrainConfig"  [call-arg]
src/cli.py:156: error: Missing named argument "POLICY_LOSS_WEIGHT" for "TrainConfig"  [call-arg]
src/cli.py:156: error: Missing named argument "VALUE_LOSS_WEIGHT" for "TrainConfig"  [call-arg]
src/cli.py:156: error: Missing named argument "ENTROPY_BONUS_WEIGHT" for "TrainConfig"  [call-arg]
src/cli.py:156: error: Missing named argument "CHECKPOINT_SAVE_FREQ_STEPS" for "TrainConfig"  [call-arg]
src/cli.py:156: error: Missing named argument "USE_PER" for "TrainConfig"  [call-arg]
src/cli.py:156: error: Missing named argument "PER_ALPHA" for "TrainConfig"  [call-arg]
src/cli.py:156: error: Missing named argument "PER_BETA_INITIAL" for "TrainConfig"  [call-arg]
src/cli.py:156: error: Missing named argument "PER_BETA_FINAL" for "TrainConfig"  [call-arg]
src/cli.py:156: error: Missing named argument "PER_BETA_ANNEAL_STEPS" for "TrainConfig"  [call-arg]
src/cli.py:156: error: Missing named argument "PER_EPSILON" for "TrainConfig"  [call-arg]
src/cli.py:157: error: Missing named argument "ROOT_DATA_DIR" for "PersistenceConfig"  [call-arg]
src/cli.py:157: error: Missing named argument "RUNS_DIR_NAME" for "PersistenceConfig"  [call-arg]
src/cli.py:157: error: Missing named argument "MLFLOW_DIR_NAME" for "PersistenceConfig"  [call-arg]
src/cli.py:157: error: Missing named argument "CHECKPOINT_SAVE_DIR_NAME" for "PersistenceConfig"  [call-arg]
src/cli.py:157: error: Missing named argument "BUFFER_SAVE_DIR_NAME" for "PersistenceConfig"  [call-arg]
src/cli.py:157: error: Missing named argument "GAME_STATE_SAVE_DIR_NAME" for "PersistenceConfig"  [call-arg]
src/cli.py:157: error: Missing named argument "LOG_DIR_NAME" for "PersistenceConfig"  [call-arg]
src/cli.py:157: error: Missing named argument "LATEST_CHECKPOINT_FILENAME" for "PersistenceConfig"  [call-arg]
src/cli.py:157: error: Missing named argument "BEST_CHECKPOINT_FILENAME" for "PersistenceConfig"  [call-arg]
src/cli.py:157: error: Missing named argument "BUFFER_FILENAME" for "PersistenceConfig"  [call-arg]
src/cli.py:157: error: Missing named argument "CONFIG_FILENAME" for "PersistenceConfig"  [call-arg]
src/cli.py:157: error: Missing named argument "RUN_NAME" for "PersistenceConfig"  [call-arg]
src/cli.py:157: error: Missing named argument "SAVE_GAME_STATES" for "PersistenceConfig"  [call-arg]
src/cli.py:157: error: Missing named argument "GAME_STATE_SAVE_FREQ_EPISODES" for "PersistenceConfig"  [call-arg]
src/cli.py:157: error: Missing named argument "SAVE_BUFFER" for "PersistenceConfig"  [call-arg]
src/cli.py:157: error: Missing named argument "BUFFER_SAVE_FREQ_STEPS" for "PersistenceConfig"  [call-arg]
Found 253 errors in 24 files (checked 119 source files)
